c:\users\29030\source\repos\sexy-driver\build\um_intermediates\vc143.pdb
c:\users\29030\source\repos\sexy-driver\build\um_intermediates\vc143.idb
c:\users\29030\source\repos\sexy-driver\build\um_intermediates\gameprocess.obj
c:\users\29030\source\repos\sexy-driver\build\um_intermediates\usermode.obj
c:\users\29030\source\repos\sexy-driver\build\um_intermediates\radar.obj
c:\users\29030\source\repos\sexy-driver\build\um_intermediates\um.ilk
c:\users\29030\source\repos\sexy-driver\build\um_intermediates\um.ipdb
c:\users\29030\source\repos\sexy-driver\build\um_intermediates\um.iobj
c:\users\29030\source\repos\sexy-driver\build\um.pdb
c:\users\29030\source\repos\sexy-driver\build\um_intermediates\um.vcxproj.filelistabsolute.txt
c:\users\29030\source\repos\sexy-driver\build\um_intermediates\um.tlog\cl.command.1.tlog
c:\users\29030\source\repos\sexy-driver\build\um_intermediates\um.tlog\cl.items.tlog
c:\users\29030\source\repos\sexy-driver\build\um_intermediates\um.tlog\cl.read.1.tlog
c:\users\29030\source\repos\sexy-driver\build\um_intermediates\um.tlog\cl.write.1.tlog
c:\users\29030\source\repos\sexy-driver\build\um_intermediates\um.tlog\link.1124-cvtres.read.1.tlog
c:\users\29030\source\repos\sexy-driver\build\um_intermediates\um.tlog\link.1124-cvtres.write.1.tlog
c:\users\29030\source\repos\sexy-driver\build\um_intermediates\um.tlog\link.1124-rc.read.1.tlog
c:\users\29030\source\repos\sexy-driver\build\um_intermediates\um.tlog\link.1124-rc.write.1.tlog
c:\users\29030\source\repos\sexy-driver\build\um_intermediates\um.tlog\link.1124.read.1.tlog
c:\users\29030\source\repos\sexy-driver\build\um_intermediates\um.tlog\link.1124.read.2.tlog
c:\users\29030\source\repos\sexy-driver\build\um_intermediates\um.tlog\link.1124.write.1.tlog
c:\users\29030\source\repos\sexy-driver\build\um_intermediates\um.tlog\link.command.1.tlog
c:\users\29030\source\repos\sexy-driver\build\um_intermediates\um.tlog\link.read.1.tlog
c:\users\29030\source\repos\sexy-driver\build\um_intermediates\um.tlog\link.secondary.1.tlog
c:\users\29030\source\repos\sexy-driver\build\um_intermediates\um.tlog\link.write.1.tlog
